<?xml version="1.0" encoding="UTF-8"?>
<testng-results skipped="2" failed="0" total="3" passed="1">
  <reporter-output>
  </reporter-output>
  <suite name="Suite B" duration-ms="0" started-at="2017-03-01T14:33:15Z" finished-at="2017-03-01T14:33:15Z">
    <groups>
    </groups>
  </suite> <!-- Suite B -->
  <suite name="Suite C" duration-ms="0" started-at="2017-03-01T14:33:15Z" finished-at="2017-03-01T14:33:15Z">
    <groups>
    </groups>
  </suite> <!-- Suite C -->
  <suite name="Suite A" duration-ms="13278" started-at="2017-03-01T14:33:02Z" finished-at="2017-03-01T14:33:15Z">
    <groups>
    </groups>
    <test name="GmailLogin" duration-ms="13278" started-at="2017-03-01T14:33:02Z" finished-at="2017-03-01T14:33:15Z">
      <class name="com.omayo.hybrid.testcases.GmailLogin">
        <test-method status="PASS" signature="doLogin(java.util.Hashtable)[pri:0, instance:com.omayo.hybrid.testcases.GmailLogin@22fc4c]" name="doLogin" duration-ms="12905" started-at="2017-03-01T20:03:02Z" data-provider="getData" finished-at="2017-03-01T20:03:15Z">
          <params>
            <param index="0">
              <value>
                <![CDATA[{Name=selenium byarun, Username=seleniumbyarun99@gmail.com, Password=DummyPassword1$, Runmode=Y, Browser=Firefox}]]>
              </value>
            </param>
          </params>
          <reporter-output>
          </reporter-output>
        </test-method> <!-- doLogin -->
        <test-method status="SKIP" signature="doLogin(java.util.Hashtable)[pri:0, instance:com.omayo.hybrid.testcases.GmailLogin@22fc4c]" name="doLogin" duration-ms="0" started-at="2017-03-01T20:03:15Z" data-provider="getData" finished-at="2017-03-01T20:03:15Z">
          <params>
            <param index="0">
              <value>
                <![CDATA[{Name=abc, Username=U3, Password=P3, Runmode=N, Browser=Firefox}]]>
              </value>
            </param>
          </params>
          <exception class="org.testng.SkipException">
            <message>
              <![CDATA[Skipping as the Runmode is set to N]]>
            </message>
            <full-stacktrace>
              <![CDATA[org.testng.SkipException: Skipping as the Runmode is set to N
	at com.omayo.hybrid.testcases.GmailLogin.doLogin(GmailLogin.java:51)
	at sun.reflect.NativeMethodAccessorImpl.invoke0(Native Method)
	at sun.reflect.NativeMethodAccessorImpl.invoke(NativeMethodAccessorImpl.java:62)
	at sun.reflect.DelegatingMethodAccessorImpl.invoke(DelegatingMethodAccessorImpl.java:43)
	at java.lang.reflect.Method.invoke(Method.java:498)
	at org.testng.internal.MethodInvocationHelper.invokeMethod(MethodInvocationHelper.java:85)
	at org.testng.internal.Invoker.invokeMethod(Invoker.java:639)
	at org.testng.internal.Invoker.invokeTestMethod(Invoker.java:816)
	at org.testng.internal.Invoker.invokeTestMethods(Invoker.java:1124)
	at org.testng.internal.TestMethodWorker.invokeTestMethods(TestMethodWorker.java:125)
	at org.testng.internal.TestMethodWorker.run(TestMethodWorker.java:108)
	at org.testng.TestRunner.privateRun(TestRunner.java:774)
	at org.testng.TestRunner.run(TestRunner.java:624)
	at org.testng.SuiteRunner.runTest(SuiteRunner.java:359)
	at org.testng.SuiteRunner.runSequentially(SuiteRunner.java:354)
	at org.testng.SuiteRunner.privateRun(SuiteRunner.java:312)
	at org.testng.SuiteRunner.run(SuiteRunner.java:261)
	at org.testng.SuiteRunnerWorker.runSuite(SuiteRunnerWorker.java:52)
	at org.testng.SuiteRunnerWorker.run(SuiteRunnerWorker.java:86)
	at org.testng.TestNG.runSuitesSequentially(TestNG.java:1215)
	at org.testng.TestNG.runSuitesSequentially(TestNG.java:1211)
	at org.testng.TestNG.runSuitesLocally(TestNG.java:1140)
	at org.testng.TestNG.run(TestNG.java:1048)
	at org.testng.TestNG.privateMain(TestNG.java:1355)
	at org.testng.TestNG.main(TestNG.java:1324)
]]>
            </full-stacktrace>
          </exception> <!-- org.testng.SkipException -->
          <reporter-output>
          </reporter-output>
        </test-method> <!-- doLogin -->
        <test-method status="SKIP" signature="doLogin(java.util.Hashtable)[pri:0, instance:com.omayo.hybrid.testcases.GmailLogin@22fc4c]" name="doLogin" duration-ms="0" started-at="2017-03-01T20:03:15Z" data-provider="getData" finished-at="2017-03-01T20:03:15Z">
          <params>
            <param index="0">
              <value>
                <![CDATA[{Name=xyz, Username=U2, Password=P2, Runmode=N, Browser=Chrome}]]>
              </value>
            </param>
          </params>
          <exception class="org.testng.SkipException">
            <message>
              <![CDATA[Skipping as the Runmode is set to N]]>
            </message>
            <full-stacktrace>
              <![CDATA[org.testng.SkipException: Skipping as the Runmode is set to N
	at com.omayo.hybrid.testcases.GmailLogin.doLogin(GmailLogin.java:51)
	at sun.reflect.NativeMethodAccessorImpl.invoke0(Native Method)
	at sun.reflect.NativeMethodAccessorImpl.invoke(NativeMethodAccessorImpl.java:62)
	at sun.reflect.DelegatingMethodAccessorImpl.invoke(DelegatingMethodAccessorImpl.java:43)
	at java.lang.reflect.Method.invoke(Method.java:498)
	at org.testng.internal.MethodInvocationHelper.invokeMethod(MethodInvocationHelper.java:85)
	at org.testng.internal.Invoker.invokeMethod(Invoker.java:639)
	at org.testng.internal.Invoker.invokeTestMethod(Invoker.java:816)
	at org.testng.internal.Invoker.invokeTestMethods(Invoker.java:1124)
	at org.testng.internal.TestMethodWorker.invokeTestMethods(TestMethodWorker.java:125)
	at org.testng.internal.TestMethodWorker.run(TestMethodWorker.java:108)
	at org.testng.TestRunner.privateRun(TestRunner.java:774)
	at org.testng.TestRunner.run(TestRunner.java:624)
	at org.testng.SuiteRunner.runTest(SuiteRunner.java:359)
	at org.testng.SuiteRunner.runSequentially(SuiteRunner.java:354)
	at org.testng.SuiteRunner.privateRun(SuiteRunner.java:312)
	at org.testng.SuiteRunner.run(SuiteRunner.java:261)
	at org.testng.SuiteRunnerWorker.runSuite(SuiteRunnerWorker.java:52)
	at org.testng.SuiteRunnerWorker.run(SuiteRunnerWorker.java:86)
	at org.testng.TestNG.runSuitesSequentially(TestNG.java:1215)
	at org.testng.TestNG.runSuitesSequentially(TestNG.java:1211)
	at org.testng.TestNG.runSuitesLocally(TestNG.java:1140)
	at org.testng.TestNG.run(TestNG.java:1048)
	at org.testng.TestNG.privateMain(TestNG.java:1355)
	at org.testng.TestNG.main(TestNG.java:1324)
]]>
            </full-stacktrace>
          </exception> <!-- org.testng.SkipException -->
          <reporter-output>
          </reporter-output>
        </test-method> <!-- doLogin -->
        <test-method status="PASS" signature="quit()[pri:0, instance:com.omayo.hybrid.testcases.GmailLogin@22fc4c]" name="quit" is-config="true" duration-ms="343" started-at="2017-03-01T20:03:15Z" finished-at="2017-03-01T20:03:15Z">
          <reporter-output>
          </reporter-output>
        </test-method> <!-- quit -->
      </class> <!-- com.omayo.hybrid.testcases.GmailLogin -->
    </test> <!-- GmailLogin -->
  </suite> <!-- Suite A -->
  <suite name="MySuite" duration-ms="0" started-at="2017-03-01T14:33:15Z" finished-at="2017-03-01T14:33:15Z">
    <groups>
    </groups>
  </suite> <!-- MySuite -->
</testng-results>
